<?xml version="1.0" encoding="UTF-8"?>
<testsuite name="BSTTest" tests="2" skipped="0" failures="0" errors="0" timestamp="2020-10-26T13:45:19" hostname="DESKTOP-UDL4V0I" time="0.004">
  <properties/>
  <testcase name="givenNodes_shouldReturnBST" classname="BSTTest" time="0.003"/>
  <testcase name="given_BST_searchReturns" classname="BSTTest" time="0.001"/>
  <system-out><![CDATA[]]></system-out>
  <system-err><![CDATA[]]></system-err>
</testsuite>
