<?xml version="1.0" encoding="UTF-8"?>
<testsuite name="BSTTest" tests="1" skipped="0" failures="0" errors="0" timestamp="2020-10-26T13:31:23" hostname="DESKTOP-UDL4V0I" time="0.004">
  <properties/>
  <testcase name="givenNodes_shouldReturnBST" classname="BSTTest" time="0.004"/>
  <system-out><![CDATA[]]></system-out>
  <system-err><![CDATA[]]></system-err>
</testsuite>
